Log file open, 06/19/15 21:32:35
LogInit:Display: Running engine for game: AtmoPlaneSim
LogInit: Version: 4.7.5-2503383+++depot+UE4-Releases+4.7
LogInit: API Version: 2455222
LogInit: Compiled (64-bit): Apr  6 2015 23:21:51
LogInit: Compiled with Visual C++: 18.00.21005.01
LogInit: Build Configuration: Development
LogInit: Branch Name: ++depot+UE4-Releases+4.7
LogInit: Command line:  
LogInit: Base directory: C:/Program Files/Epic Games/4.7/Engine/Binaries/Win64/
LogInit: Rocket: 1
[2015.06.19-20.32.35:976][  0]LogTaskGraph: Started task graph with 3 named threads and 6 total threads.
[2015.06.19-20.32.36:042][  0]LogOnline:Warning: No default platform service specified for OnlineSubsystem
[2015.06.19-20.32.36:066][  0]LogInit: Presizing for 0 objects not considered by GC, pre-allocating 0 bytes.
[2015.06.19-20.32.36:084][  0]LogInit: Object subsystem initialized
[2015.06.19-20.32.36:087][  0]LogConsoleResponse:Warning: Skipping Unknown console variable: 'TranslucentSortAxis = (X=0.000000,Y=-1.000000,Z=0.000000)'
[2015.06.19-20.32.36:087][  0]LogConsoleResponse:Warning:   Found in ini file 'C:/Users/10021_000/Desktop/100215286_Dissertation_Project/AtmoPlaneSim/Saved/Config/Windows/Engine.ini', in section '[/Script/Engine.RendererSettings]'
[2015.06.19-20.32.36:088][  0]LogConsoleResponse:Warning: Skipping Unknown console variable: 'UIScaleRule = ShortestSide'
[2015.06.19-20.32.36:088][  0]LogConsoleResponse:Warning:   Found in ini file 'C:/Users/10021_000/Desktop/100215286_Dissertation_Project/AtmoPlaneSim/Saved/Config/Windows/Engine.ini', in section '[/Script/Engine.RendererSettings]'
[2015.06.19-20.32.36:088][  0]LogConsoleResponse:Warning: Skipping Unknown console variable: 'UIScaleCurve = (EditorCurveData=(Keys=),ExternalCurve=None)'
[2015.06.19-20.32.36:088][  0]LogConsoleResponse:Warning:   Found in ini file 'C:/Users/10021_000/Desktop/100215286_Dissertation_Project/AtmoPlaneSim/Saved/Config/Windows/Engine.ini', in section '[/Script/Engine.RendererSettings]'
[2015.06.19-20.32.36:088][  0]LogInit: Selected Device Profile: [Windows]
[2015.06.19-20.32.36:088][  0]LogInit: Applying CVar settings loaded from the selected device profile: [Windows]
[2015.06.19-20.32.36:103][  0]LogInit: Computer: LLOYDS_PC
[2015.06.19-20.32.36:103][  0]LogInit: User: 10021000
[2015.06.19-20.32.36:103][  0]LogInit: CPU Page size=4096, Cores=4
[2015.06.19-20.32.36:103][  0]LogInit: High frequency timer resolution =2.337880 MHz
[2015.06.19-20.32.36:103][  0]LogMemory: Memory total: Physical=5.9GB (6GB approx) Virtual=131072.0GB
[2015.06.19-20.32.36:104][  0]LogMemory: Platform Memory Stats for Windows
[2015.06.19-20.32.36:104][  0]LogMemory: Process Physical Memory: 46.08 MB used, 46.08 MB peak
[2015.06.19-20.32.36:104][  0]LogMemory: Process Virtual Memory: 24.62 MB used, 24.63 MB peak
[2015.06.19-20.32.36:104][  0]LogMemory: Physical Memory: 2210.98 MB used, 6077.92 MB total
[2015.06.19-20.32.36:104][  0]LogMemory: Virtual Memory: 290.20 MB used, 134217728.00 MB total
[2015.06.19-20.32.36:151][  0]LogD3D11RHI: Found D3D11 adapter 0: NVIDIA GeForce GTX 680 (Feature Level 11_0)
[2015.06.19-20.32.36:151][  0]LogD3D11RHI: Adapter has 1985MB of dedicated video memory, 0MB of dedicated system memory, and 2048MB of shared system memory, 1 output[s]
[2015.06.19-20.32.36:153][  0]LogD3D11RHI: Found D3D11 adapter 1: Microsoft Basic Render Driver (Feature Level 11_0)
[2015.06.19-20.32.36:153][  0]LogD3D11RHI: Adapter has 0MB of dedicated video memory, 0MB of dedicated system memory, and 256MB of shared system memory, 0 output[s]
[2015.06.19-20.32.36:154][  0]LogD3D11RHI: Chosen D3D11 Adapter Id = 0
[2015.06.19-20.32.36:181][  0]LogRHI: Texture pool is 1361 MB (70% of 1945 MB)
[2015.06.19-20.32.36:199][  0]LogD3D11RHI: Async texture creation enabled
[2015.06.19-20.32.36:282][  0]LogTextLocalizationManager: The requested culture ('en_GB') has no localization data; parent culture's ('en') localization data will be used.
[2015.06.19-20.32.36:383][  0]LogTextLocalizationManager:Warning: Loading localization resources contain conflicting entries for (Namespace:UICommands, Key:Save_ToolTip):
Resource: (C:/Program Files/Epic Games/4.7/Engine/Content/Localization/Editor/en/Editor.locres) Hash: (-29098895) String: (Saves the current level to disk)
Resource: (C:/Program Files/Epic Games/4.7/Engine/Content/Localization/Engine/en/Engine.locres) Hash: (-1280300587) String: (Save selected data to vlog file)
[2015.06.19-20.32.36:384][  0]LogTextLocalizationManager:Warning: Loading localization resources contain conflicting entries for (Namespace:ContentBrowser, Key:ImportAssetToolTip):
Resource: (C:/Program Files/Epic Games/4.7/Engine/Content/Localization/Editor/en/Editor.locres) Hash: (-630476809) String: (Import to {0}...)
Resource: (C:/Program Files/Epic Games/4.7/Engine/Content/Localization/Editor/en/Editor.locres) Hash: (1271782899) String: (Imports an asset from file to this folder.)
[2015.06.19-20.32.36:521][  0]LogContentStreaming: Texture pool size is 0.000000MB
[2015.06.19-20.32.40:774][  0]LogTargetPlatformManager:Display: Building Assets For Windows
[2015.06.19-20.32.41:881][  0]LogTargetPlatformManager:Display: Building Assets For Windows
[2015.06.19-20.32.42:005][  0]LogDerivedDataCache:Display: Max Cache Size: 512 MB
[2015.06.19-20.32.42:134][  0]LogDerivedDataCache: Loaded boot cache 0.13s 39MB C:/Users/10021_000/AppData/Local/UnrealEngine/4.7/DerivedDataCache/Boot.ddc.
[2015.06.19-20.32.42:134][  0]LogDerivedDataCache:Display: Loaded Boot cache: C:/Users/10021_000/AppData/Local/UnrealEngine/4.7/DerivedDataCache/Boot.ddc
[2015.06.19-20.32.42:134][  0]LogDerivedDataCache: FDerivedDataBackendGraph:  Pak pak cache file ../../../../../../Users/10021_000/Desktop/100215286_Dissertation_Project/AtmoPlaneSim/DerivedDataCache/DDC.ddp not found, will not use a pak cache.
[2015.06.19-20.32.42:134][  0]LogDerivedDataCache: Unable to find inner node Pak for hierarchical cache Hierarchy.
[2015.06.19-20.32.42:323][  0]LogDerivedDataCache:Display: Pak cache opened for reading ../../../Engine/DerivedDataCache/Compressed.ddp.
[2015.06.19-20.32.42:336][  0]LogDerivedDataCache: Using Local data cache path C:/Users/10021_000/AppData/Local/UnrealEngine/Common/DerivedDataCache: Writable
[2015.06.19-20.32.42:896][  0]LogMeshUtilities: No automatic mesh reduction module available
[2015.06.19-20.32.42:896][  0]LogMeshUtilities: No automatic mesh merging module available
[2015.06.19-20.32.43:711][  0]LogInit: WinSock: version 1.1 (2.2), MaxSocks=32767, MaxUdp=65467
[2015.06.19-20.32.43:879][  0]LogSlate:Warning: Failed to load font data from '../../../Engine/Content/Slate/Fonts/Roboto-Italic.ttf'
[2015.06.19-20.32.45:372][  0]UdpMessaging: Initializing bridge on interface 0.0.0.0:0 to multicast group 230.0.0.1:6666.
[2015.06.19-20.32.45:724][  0]SourceControl: Info Source control is disabled
[2015.06.19-20.32.45:724][  0]SourceControl: Info Source control is disabled
[2015.06.19-20.32.45:724][  0]SourceControl: Info Source control is disabled
[2015.06.19-20.32.45:724][  0]LogSourceControl: RunCommandInternalRaw: 'git version'
[2015.06.19-20.32.45:724][  0]LogSourceControl: RunCommandInternalRaw: ExecProcess ReturnCode=2 OutResults=''
[2015.06.19-20.32.45:742][  0]SourceControl: Info Source control is disabled
[2015.06.19-20.32.46:121][  0]LogObj: 24232 objects as part of root set at end of initial load.
[2015.06.19-20.32.46:121][  0]LogUObjectAllocator: 5137176 out of 0 bytes used by permanent object pool.
[2015.06.19-20.32.46:290][  0]LogEngine: Initializing Engine...
[2015.06.19-20.32.49:565][  0]LogInit: XAudio2 using 'Speakers (High Definition Audio Device)' : 2 channels at 48 kHz using 32 bits per sample (channel mask 0x3)
[2015.06.19-20.32.49:577][  0]LogInit: FAudioDevice initialized.
[2015.06.19-20.32.49:646][  0]LogAIModule: Creating AISystem for world NewWorld
[2015.06.19-20.32.49:698][  0]LogDerivedDataCache: Saved boot cache 0.05s 39MB C:/Users/10021_000/AppData/Local/UnrealEngine/4.7/DerivedDataCache/Boot.ddc.
[2015.06.19-20.32.49:722][  0]LogInit: Texture streaming: Enabled
[2015.06.19-20.32.49:893][  0]LogAnalytics: Creating configured Analytics provider AnalyticsET
[2015.06.19-20.32.49:893][  0]LogAnalytics: ET APIKey = Rocket.Release. APIServer = http://et2.epicgames.com/ET2/. AppVersion = 4.7.5-2503383+++depot+UE4-Releases+4.7
[2015.06.19-20.32.49:893][  0]LogAnalytics: ET APIKey = Rocket.Release. DataRouterUploadURL = https://datarouter-public-service-gamedev.ol.epicgames.net/datarouter/api/v1/public/data. AppVersion = 4.7.5-2503383+++depot+UE4-Releases+4.7
[2015.06.19-20.32.49:893][  0]LogAnalytics: SetUserId d79a3ac1490cb9725c5ff087f42b4db6|dd52e028d28d444cbfc6375295d39055|d240ce7f-3c51-4a45-ab49-b1f4dedeafcd
[2015.06.19-20.32.49:893][  0]LogAnalytics: AnalyticsET::StartSession [Rocket.Release]
[2015.06.19-20.32.50:007][  0]LogInit: Transaction tracking system initialized
[2015.06.19-20.32.50:344][  0]BlueprintLog: New page: Editor Load
[2015.06.19-20.32.50:400][  0]LogAssetRegistry: FAssetRegistry took 0.0107 seconds to start up
[2015.06.19-20.32.50:401][  0]LogDirectoryWatcher:Warning: Failed to begin reading directory changes for ../../../Engine/Plugins/Experimental/CharacterAI/Content/. Error: 0
[2015.06.19-20.32.51:586][  0]LogTargetPlatformManager:Display: Building Assets For Windows
[2015.06.19-20.32.52:531][  0]LogTargetPlatformManager:Display: Building Assets For Windows
[2015.06.19-20.32.53:156][  0]LogSlate:Warning: Failed to load font data from '../../../Engine/Content/Editor/Slate/Fonts/Roboto-Regular.ttf'
[2015.06.19-20.32.53:157][  0]LogSlate:Warning: Failed to load font data from '../../../Engine/Content/Editor/Slate/Fonts/Roboto-Bold.ttf'
[2015.06.19-20.32.53:165][  0]LogConsoleResponse:Display: 
[2015.06.19-20.32.53:458][  0]LogCook:Display: Done creating registry. It took  0.00s.
[2015.06.19-20.32.53:883][  0]SourceControl: Info Source control is disabled
[2015.06.19-20.32.53:883][  0]Cmd: MAP LOAD FILE="../../../../../../Users/10021_000/Desktop/100215286_Dissertation_Project/AtmoPlaneSim/Content/Levels/PlaneSimMap.umap" TEMPLATE=0 SHOWPROGRESS=1 FEATURELEVEL=3
[2015.06.19-20.32.53:884][  0]LightingResults: New page: Lighting Build
[2015.06.19-20.32.53:912][  0]MapCheck: New page: Map Check
[2015.06.19-20.32.53:912][  0]LightingResults: New page: Lighting Build
[2015.06.19-20.32.53:938][  0]LogParticles: Destroying 0 GPU particle simulations for FXSystem 0x0000002DBB780C20
[2015.06.19-20.33.00:892][  0]LogEditorServer: Finished looking for orphan Actors (0.000 secs)
[2015.06.19-20.33.00:899][  0]LogAIModule: Creating AISystem for world PlaneSimMap
[2015.06.19-20.33.00:900][  0]Cmd: MAP CHECKDEP
[2015.06.19-20.33.00:900][  0]MapCheck: New page: PlaneSimMap - 19 Jun 2015 22:33:00
[2015.06.19-20.33.01:039][  0]MapCheck: Info Map check complete: 0 Error(s), 0 Warning(s), took 139.058ms to complete.
[2015.06.19-20.33.01:039][  0]LogFileHelpers: Loading map 'PlaneSimMap' took 7.156
[2015.06.19-20.33.01:238][  0]LogCollectionManager: Loaded 0 collections in 0.003575 seconds
[2015.06.19-20.33.01:257][  0]LogContentBrowser: Native class hierarchy populated in 0.0188 seconds. Added 1696 classes and 261 folders.
[2015.06.19-20.33.01:316][  0]LogContentBrowser: Native class hierarchy updated for 'SceneOutliner' in 0.0037 seconds. Added 1 classes and 2 folders.
[2015.06.19-20.33.01:498][  0]LogCrashTracker: Crashtracker disabled due to settings.
[2015.06.19-20.33.01:500][  0]LogSlate:Warning: Failed to load font data from 'Veranda'
[2015.06.19-20.33.01:512][  0]LogUObjectGlobals:Warning: Failed to find object 'Class None.'
[2015.06.19-20.33.01:542][  0]LogLoad: Full Startup: 28.13 seconds (BP compile: 3.29 seconds)
[2015.06.19-20.33.01:890][  0]LogContentBrowser:Verbose: The content browser source was changed by the sources view to '/Game/Blueprints/Player'
[2015.06.19-20.33.02:208][  0]LogRenderer:Warning: Reallocating scene render targets to support 1056x584 (Frame:2).
[2015.06.19-20.33.04:193][  7]LogAssetRegistry: Asset discovery search completed in 13.8040 seconds
[2015.06.19-20.49.47:702][929]LogFileHelpers: Editor autosave (incl. sublevels) for '/Game/Levels/PlaneSimMap' took 0.118
[2015.06.19-20.49.47:781][929]OBJ SavePackage: Generating thumbnails for [1] asset(s) in package [/Game/Blueprints/Player/PlanePlayer] ([1] browsable assets)...
[2015.06.19-20.49.47:849][929]OBJ SavePackage:     Rendered thumbnail for [Blueprint /Game/Blueprints/Player/PlanePlayer.PlanePlayer]
[2015.06.19-20.49.47:849][929]OBJ SavePackage: Finished generating thumbnails for package [/Game/Blueprints/Player/PlanePlayer]
[2015.06.19-20.49.51:368][929]LogSavePackage: Save=3442.857666ms
[2015.06.19-20.49.51:370][929]LogSavePackage: Moving '../../../../../../Users/10021_000/Desktop/100215286_Dissertation_Project/AtmoPlaneSim/Saved/PlanePlayer_Auto10102845E40602A491FC572AB3A927CF3.tmp' to '../../../../../../Users/10021_000/Desktop/100215286_Dissertation_Project/AtmoPlaneSim/Saved/Autosaves/Game/Blueprints/Player/PlanePlayer_Auto1.uasset'
[2015.06.19-20.49.51:387][929]LogFileHelpers: Auto-saving content packages took 3.686
[2015.06.19-20.51.20:997][ 85]Cmd: QUIT_EDITOR
[2015.06.19-20.51.21:443][ 85]LogExit: Preparing to exit.
[2015.06.19-20.51.22:595][ 85]LogExit: Editor shut down
[2015.06.19-20.51.22:596][ 85]LogExit: Transaction tracking system shut down
[2015.06.19-20.51.22:597][ 85]LogParticles: Destroying 0 GPU particle simulations for FXSystem 0x0000002DAB22F7E0
[2015.06.19-20.51.22:597][ 85]LogParticles: Destroying 0 GPU particle simulations for FXSystem 0x0000002DC0D58900
[2015.06.19-20.51.22:597][ 85]LogParticles: Destroying 0 GPU particle simulations for FXSystem 0x0000002DBDD79080
[2015.06.19-20.51.22:598][ 85]LogParticles: Destroying 0 GPU particle simulations for FXSystem 0x0000002DC2174EA0
[2015.06.19-20.51.22:754][ 85]LogExit: Object subsystem successfully closed.
[2015.06.19-20.51.22:862][ 85]LogModuleManager: Shutting down and abandoning module CrashTracker (177)
[2015.06.19-20.51.22:862][ 85]LogModuleManager: Shutting down and abandoning module SuperSearch (176)
[2015.06.19-20.51.22:862][ 85]LogModuleManager: Shutting down and abandoning module SceneOutliner (175)
[2015.06.19-20.51.22:862][ 85]LogModuleManager: Shutting down and abandoning module EditorWidgets (174)
[2015.06.19-20.51.22:862][ 85]LogModuleManager: Shutting down and abandoning module CollectionManager (173)
[2015.06.19-20.51.22:862][ 85]LogModuleManager: Shutting down and abandoning module StatsViewer (172)
[2015.06.19-20.51.22:862][ 85]LogModuleManager: Shutting down and abandoning module FoliageEdit (171)
[2015.06.19-20.51.22:862][ 85]LogModuleManager: Shutting down and abandoning module LandscapeEditor (170)
[2015.06.19-20.51.22:863][ 85]LogModuleManager: Shutting down and abandoning module MeshPaint (169)
[2015.06.19-20.51.22:863][ 85]LogModuleManager: Shutting down and abandoning module ActorPickerMode (168)
[2015.06.19-20.51.22:863][ 85]LogModuleManager: Shutting down and abandoning module GeometryMode (167)
[2015.06.19-20.51.22:863][ 85]LogModuleManager: Shutting down and abandoning module TextureAlignMode (166)
[2015.06.19-20.51.22:863][ 85]LogModuleManager: Shutting down and abandoning module BspMode (165)
[2015.06.19-20.51.22:863][ 85]LogModuleManager: Shutting down and abandoning module PlacementMode (164)
[2015.06.19-20.51.22:863][ 85]LogModuleManager: Shutting down and abandoning module AutomationWorker (163)
[2015.06.19-20.51.22:863][ 85]LogModuleManager: Shutting down and abandoning module CharacterAI (162)
[2015.06.19-20.51.22:863][ 85]LogModuleManager: Shutting down and abandoning module SmartSnapping (161)
[2015.06.19-20.51.22:863][ 85]LogModuleManager: Shutting down and abandoning module ViewportSnapping (160)
[2015.06.19-20.51.22:863][ 85]LogModuleManager: Shutting down and abandoning module LogVisualizer (159)
[2015.06.19-20.51.22:863][ 85]LogModuleManager: Shutting down and abandoning module GameProjectGeneration (158)
[2015.06.19-20.51.22:863][ 85]LogModuleManager: Shutting down and abandoning module IntroTutorials (157)
[2015.06.19-20.51.22:863][ 85]LogModuleManager: Shutting down and abandoning module EditorLiveStreaming (156)
[2015.06.19-20.51.22:863][ 85]LogModuleManager: Shutting down and abandoning module HardwareTargeting (155)
[2015.06.19-20.51.22:864][ 85]LogModuleManager: Shutting down and abandoning module DeviceProfileEditor (154)
[2015.06.19-20.51.22:864][ 85]LogModuleManager: Shutting down and abandoning module UndoHistory (153)
[2015.06.19-20.51.22:864][ 85]LogModuleManager: Shutting down and abandoning module GameplayTagsEditor (152)
[2015.06.19-20.51.22:864][ 85]LogModuleManager: Shutting down and abandoning module UserFeedback (151)
[2015.06.19-20.51.22:864][ 85]LogModuleManager: Shutting down and abandoning module XmlParser (150)
[2015.06.19-20.51.22:864][ 85]LogModuleManager: Shutting down and abandoning module Blutility (149)
[2015.06.19-20.51.22:864][ 85]LogModuleManager: Shutting down and abandoning module IOSPlatformEditor (148)
[2015.06.19-20.51.22:864][ 85]LogModuleManager: Shutting down and abandoning module IOSRuntimeSettings (147)
[2015.06.19-20.51.22:864][ 85]LogModuleManager: Shutting down and abandoning module AndroidDeviceDetection (146)
[2015.06.19-20.51.22:964][ 85]LogModuleManager: Shutting down and abandoning module AndroidPlatformEditor (145)
[2015.06.19-20.51.22:964][ 85]LogModuleManager: Shutting down and abandoning module AndroidRuntimeSettings (144)
[2015.06.19-20.51.22:964][ 85]LogModuleManager: Shutting down and abandoning module ProjectTargetPlatformEditor (143)
[2015.06.19-20.51.22:964][ 85]LogModuleManager: Shutting down and abandoning module ProjectSettingsViewer (142)
[2015.06.19-20.51.22:964][ 85]LogModuleManager: Shutting down and abandoning module InputBindingEditor (141)
[2015.06.19-20.51.22:964][ 85]LogModuleManager: Shutting down and abandoning module EditorSettingsViewer (140)
[2015.06.19-20.51.22:964][ 85]LogModuleManager: Shutting down and abandoning module SettingsEditor (139)
[2015.06.19-20.51.22:964][ 85]LogModuleManager: Shutting down and abandoning module ProjectLauncher (138)
[2015.06.19-20.51.22:964][ 85]LogModuleManager: Shutting down and abandoning module SessionFrontend (137)
[2015.06.19-20.51.22:964][ 85]LogModuleManager: Shutting down and abandoning module ProfilerClient (136)
[2015.06.19-20.51.22:964][ 85]LogModuleManager: Shutting down and abandoning module TargetDeviceServices (135)
[2015.06.19-20.51.22:965][ 85]LogModuleManager: Shutting down and abandoning module DeviceManager (134)
[2015.06.19-20.51.22:965][ 85]LogModuleManager: Shutting down and abandoning module AutomationController (133)
[2015.06.19-20.51.22:965][ 85]LogModuleManager: Shutting down and abandoning module AutomationWindow (132)
[2015.06.19-20.51.22:965][ 85]LogModuleManager: Shutting down and abandoning module Layers (131)
[2015.06.19-20.51.22:965][ 85]LogModuleManager: Shutting down and abandoning module ComponentVisualizers (130)
[2015.06.19-20.51.22:965][ 85]LogModuleManager: Shutting down and abandoning module DetailCustomizations (129)
[2015.06.19-20.51.22:965][ 85]LogModuleManager: Shutting down and abandoning module PackagesDialog (128)
[2015.06.19-20.51.22:965][ 85]LogModuleManager: Shutting down and abandoning module AssetRegistry (127)
[2015.06.19-20.51.23:045][ 85]LogModuleManager: Shutting down and abandoning module Persona (126)
[2015.06.19-20.51.23:045][ 85]LogModuleManager: Shutting down and abandoning module SlateReflector (125)
[2015.06.19-20.51.23:045][ 85]LogModuleManager: Shutting down and abandoning module LevelEditor (124)
[2015.06.19-20.51.23:046][ 85]LogModuleManager: Shutting down and abandoning module Kismet (123)
[2015.06.19-20.51.23:046][ 85]LogModuleManager: Shutting down and abandoning module GraphEditor (122)
[2015.06.19-20.51.23:046][ 85]LogModuleManager: Shutting down and abandoning module ClassViewer (121)
[2015.06.19-20.51.23:046][ 85]LogModuleManager: Shutting down and abandoning module Toolbox (120)
[2015.06.19-20.51.23:046][ 85]LogModuleManager: Shutting down and abandoning module ModuleUI (119)
[2015.06.19-20.51.23:046][ 85]LogModuleManager: Shutting down and abandoning module MovieSceneTools (118)
[2015.06.19-20.51.23:046][ 85]LogModuleManager: Shutting down and abandoning module OutputLog (117)
[2015.06.19-20.51.23:047][ 85]LogModuleManager: Shutting down and abandoning module GammaUI (116)
[2015.06.19-20.51.23:047][ 85]LogModuleManager: Shutting down and abandoning module Documentation (115)
[2015.06.19-20.51.23:047][ 85]LogModuleManager: Shutting down and abandoning module GameLiveStreaming (114)
[2015.06.19-20.51.23:047][ 85]LogModuleManager: Shutting down and abandoning module StreamingPauseRendering (113)
[2015.06.19-20.51.23:047][ 85]LogModuleManager: Shutting down and abandoning module HTTP (112)
[2015.06.19-20.51.23:047][ 85]LogModuleManager: Shutting down and abandoning module AnalyticsET (111)
[2015.06.19-20.51.23:047][ 85]LogModuleManager: Shutting down and abandoning module Analytics (110)
[2015.06.19-20.51.23:047][ 85]LogModuleManager: Shutting down and abandoning module AITestSuite (109)
[2015.06.19-20.51.23:047][ 85]LogModuleManager: Shutting down and abandoning module GameplayDebugger (108)
[2015.06.19-20.51.23:047][ 85]LogModuleManager: Shutting down and abandoning module AIModule (107)
[2015.06.19-20.51.23:047][ 85]LogModuleManager: Shutting down and abandoning module ProfilerService (106)
[2015.06.19-20.51.23:263][ 85]LogModuleManager: Shutting down and abandoning module TaskGraph (105)
[2015.06.19-20.51.23:263][ 85]LogModuleManager: Shutting down and abandoning module SlateRemote (104)
[2015.06.19-20.51.23:263][ 85]LogModuleManager: Shutting down and abandoning module ScriptEditorPlugin (103)
[2015.06.19-20.51.23:263][ 85]LogModuleManager: Shutting down and abandoning module CustomMeshComponent (102)
[2015.06.19-20.51.23:263][ 85]LogModuleManager: Shutting down and abandoning module CableComponent (101)
[2015.06.19-20.51.23:263][ 85]LogModuleManager: Shutting down and abandoning module MessagingDebugger (100)
[2015.06.19-20.51.23:263][ 85]LogModuleManager: Shutting down and abandoning module MediaPlayerEditor (99)
[2015.06.19-20.51.23:263][ 85]LogModuleManager: Shutting down and abandoning module SpeedTreeImporter (98)
[2015.06.19-20.51.23:263][ 85]LogModuleManager: Shutting down and abandoning module PluginsEditor (97)
[2015.06.19-20.51.23:263][ 85]LogModuleManager: Shutting down and abandoning module MainFrame (96)
[2015.06.19-20.51.23:263][ 85]LogModuleManager: Shutting down and abandoning module EpicSurvey (95)
[2015.06.19-20.51.23:263][ 85]LogModuleManager: Shutting down and abandoning module DesktopPlatform (94)
[2015.06.19-20.51.23:263][ 85]LogModuleManager: Shutting down and abandoning module DirectoryWatcher (93)
[2015.06.19-20.51.23:264][ 85]LogModuleManager: Shutting down and abandoning module HotReload (92)
[2015.06.19-20.51.23:264][ 85]LogModuleManager: Shutting down and abandoning module VisualStudioSourceCodeAccess (91)
[2015.06.19-20.51.23:264][ 85]LogModuleManager: Shutting down and abandoning module UObjectPlugin (90)
[2015.06.19-20.51.23:264][ 85]LogModuleManager: Shutting down and abandoning module SubversionSourceControl (89)
[2015.06.19-20.51.23:264][ 85]LogModuleManager: Shutting down and abandoning module PerforceSourceControl (88)
[2015.06.19-20.51.23:264][ 85]LogModuleManager: Shutting down and abandoning module SourceControl (87)
[2015.06.19-20.51.23:264][ 85]LogModuleManager: Shutting down and abandoning module GitSourceControl (86)
[2015.06.19-20.51.23:264][ 85]LogModuleManager: Shutting down and abandoning module BlankPlugin (85)
[2015.06.19-20.51.23:264][ 85]LogModuleManager: Shutting down and abandoning module PaperTiledImporter (84)
[2015.06.19-20.51.23:264][ 85]LogModuleManager: Shutting down and abandoning module PaperJsonImporter (83)
[2015.06.19-20.51.23:264][ 85]LogModuleManager: Shutting down and abandoning module ContentBrowser (82)
[2015.06.19-20.51.23:265][ 85]LogModuleManager: Shutting down and abandoning module Paper2DEditor (81)
[2015.06.19-20.51.23:266][ 85]LogModuleManager: Shutting down and abandoning module ScriptPlugin (80)
[2015.06.19-20.51.23:266][ 85]LogModuleManager: Shutting down and abandoning module UdpMessaging (79)
[2015.06.19-20.51.23:367][ 85]LogModuleManager: Shutting down and abandoning module Paper2D (78)
[2015.06.19-20.51.23:367][ 85]LogModuleManager: Shutting down and abandoning module WindowsMoviePlayer (77)
[2015.06.19-20.51.23:372][ 85]LogModuleManager: Shutting down and abandoning module Media (76)
[2015.06.19-20.51.23:372][ 85]LogModuleManager: Shutting down and abandoning module WmfMedia (75)
[2015.06.19-20.51.23:372][ 85]LogModuleManager: Shutting down and abandoning module OnlineBlueprintSupport (74)
[2015.06.19-20.51.23:373][ 85]LogModuleManager: Shutting down and abandoning module PropertyEditor (73)
[2015.06.19-20.51.23:373][ 85]LogModuleManager: Shutting down and abandoning module BehaviorTreeEditor (72)
[2015.06.19-20.51.23:373][ 85]LogModuleManager: Shutting down and abandoning module FunctionalTesting (71)
[2015.06.19-20.51.23:373][ 85]LogModuleManager: Shutting down and abandoning module CollisionAnalyzer (70)
[2015.06.19-20.51.23:373][ 85]LogModuleManager: Shutting down and abandoning module WorkspaceMenuStructure (69)
[2015.06.19-20.51.23:373][ 85]LogModuleManager: Shutting down and abandoning module MessageLog (68)
[2015.06.19-20.51.23:373][ 85]LogModuleManager: Shutting down and abandoning module Sequencer (67)
[2015.06.19-20.51.23:373][ 85]LogModuleManager: Shutting down and abandoning module AssetTools (66)
[2015.06.19-20.51.23:373][ 85]LogModuleManager: Shutting down and abandoning module UMGEditor (65)
[2015.06.19-20.51.23:373][ 85]LogModuleManager: Shutting down and abandoning module UMG (64)
[2015.06.19-20.51.23:373][ 85]LogModuleManager: Shutting down and abandoning module Slate (63)
[2015.06.19-20.51.23:373][ 85]LogModuleManager: Shutting down and abandoning module EditorStyle (62)
[2015.06.19-20.51.23:379][ 85]LogModuleManager: Shutting down and abandoning module SessionServices (61)
[2015.06.19-20.51.23:379][ 85]LogModuleManager: Shutting down and abandoning module SourceCodeAccess (60)
[2015.06.19-20.51.23:379][ 85]LogModuleManager: Shutting down and abandoning module HeadMountedDisplay (59)
[2015.06.19-20.51.23:379][ 85]LogModuleManager: Shutting down and abandoning module XAudio2 (58)
[2015.06.19-20.51.23:379][ 85]LogModuleManager: Shutting down and abandoning module Networking (56)
[2015.06.19-20.51.23:379][ 85]LogModuleManager: Shutting down and abandoning module Core (55)
[2015.06.19-20.51.23:379][ 85]LogModuleManager: Shutting down and abandoning module KismetCompiler (54)
[2015.06.19-20.51.23:379][ 85]LogModuleManager: Shutting down and abandoning module PhysXFormats (53)
[2015.06.19-20.51.23:379][ 85]LogModuleManager: Shutting down and abandoning module MeshUtilities (52)
[2015.06.19-20.51.23:379][ 85]LogModuleManager: Shutting down and abandoning module DerivedDataCache (51)
[2015.06.19-20.51.23:467][ 85]LogDerivedDataCache: Shutdown
[2015.06.19-20.51.23:467][ 85]LogModuleManager: Shutting down and abandoning module ShaderFormatOpenGL (50)
[2015.06.19-20.51.23:467][ 85]LogModuleManager: Shutting down and abandoning module ShaderFormatD3D (49)
[2015.06.19-20.51.23:467][ 85]LogModuleManager: Shutting down and abandoning module MetalShaderFormat (48)
[2015.06.19-20.51.23:467][ 85]LogModuleManager: Shutting down and abandoning module TextureFormatUncompressed (47)
[2015.06.19-20.51.23:467][ 85]LogModuleManager: Shutting down and abandoning module TextureFormatPVR (46)
[2015.06.19-20.51.23:467][ 85]LogModuleManager: Shutting down and abandoning module TextureFormatIntelISPCTexComp (45)
[2015.06.19-20.51.23:467][ 85]LogModuleManager: Shutting down and abandoning module TextureFormatDXT (44)
[2015.06.19-20.51.23:467][ 85]LogModuleManager: Shutting down and abandoning module ImageWrapper (43)
[2015.06.19-20.51.23:467][ 85]LogModuleManager: Shutting down and abandoning module TextureFormatASTC (42)
[2015.06.19-20.51.23:467][ 85]LogModuleManager: Shutting down and abandoning module TextureFormatAndroid (41)
[2015.06.19-20.51.23:467][ 85]LogModuleManager: Shutting down and abandoning module AudioFormatOpus (40)
[2015.06.19-20.51.23:467][ 85]LogModuleManager: Shutting down and abandoning module AudioFormatOgg (39)
[2015.06.19-20.51.23:467][ 85]LogModuleManager: Shutting down and abandoning module AudioFormatADPCM (38)
[2015.06.19-20.51.23:467][ 85]LogModuleManager: Shutting down and abandoning module LinuxTargetPlatform (37)
[2015.06.19-20.51.23:467][ 85]LogModuleManager: Shutting down and abandoning module LinuxServerTargetPlatform (36)
[2015.06.19-20.51.23:467][ 85]LogModuleManager: Shutting down and abandoning module LinuxNoEditorTargetPlatform (35)
[2015.06.19-20.51.23:467][ 85]LogModuleManager: Shutting down and abandoning module Messaging (34)
[2015.06.19-20.51.23:467][ 85]LogModuleManager: Shutting down and abandoning module IOSTargetPlatform (33)
[2015.06.19-20.51.23:467][ 85]LogModuleManager: Shutting down and abandoning module HTML5TargetPlatform (32)
[2015.06.19-20.51.23:467][ 85]LogModuleManager: Shutting down and abandoning module Android_PVRTCTargetPlatform (31)
[2015.06.19-20.51.23:467][ 85]LogModuleManager: Shutting down and abandoning module Android_ETC2TargetPlatform (30)
[2015.06.19-20.51.23:467][ 85]LogModuleManager: Shutting down and abandoning module Android_ETC1TargetPlatform (29)
[2015.06.19-20.51.23:468][ 85]LogModuleManager: Shutting down and abandoning module Android_ES31TargetPlatform (28)
[2015.06.19-20.51.23:468][ 85]LogModuleManager: Shutting down and abandoning module Android_DXTTargetPlatform (27)
[2015.06.19-20.51.23:468][ 85]LogModuleManager: Shutting down and abandoning module Android_ATCTargetPlatform (26)
[2015.06.19-20.51.23:468][ 85]LogModuleManager: Shutting down and abandoning module AndroidTargetPlatform (25)
[2015.06.19-20.51.23:468][ 85]LogModuleManager: Shutting down and abandoning module WindowsTargetPlatform (24)
[2015.06.19-20.51.23:468][ 85]LogModuleManager: Shutting down and abandoning module WindowsServerTargetPlatform (23)
[2015.06.19-20.51.23:468][ 85]LogModuleManager: Shutting down and abandoning module WindowsNoEditorTargetPlatform (22)
[2015.06.19-20.51.23:468][ 85]LogModuleManager: Shutting down and abandoning module WindowsClientTargetPlatform (21)
[2015.06.19-20.51.23:468][ 85]LogModuleManager: Shutting down and abandoning module TargetPlatform (20)
[2015.06.19-20.51.23:468][ 85]LogModuleManager: Shutting down and abandoning module InputCore (19)
[2015.06.19-20.51.23:468][ 85]LogModuleManager: Shutting down and abandoning module Settings (18)
[2015.06.19-20.51.23:468][ 85]LogModuleManager: Shutting down and abandoning module OnlineSubsystem (16)
[2015.06.19-20.51.23:468][ 85]LogModuleManager: Shutting down and abandoning module OculusRift (15)
[2015.06.19-20.51.23:468][ 85]LogModuleManager: Shutting down and abandoning module ExampleDeviceProfileSelector (14)
[2015.06.19-20.51.23:468][ 85]LogModuleManager: Shutting down and abandoning module TextureCompressor (13)
[2015.06.19-20.51.23:468][ 85]LogModuleManager: Shutting down and abandoning module ShaderCore (12)
[2015.06.19-20.51.23:468][ 85]LogModuleManager: Shutting down and abandoning module Landscape (11)
[2015.06.19-20.51.23:468][ 85]LogModuleManager: Shutting down and abandoning module SlateRHIRenderer (10)
[2015.06.19-20.51.23:478][ 85]LogModuleManager: Shutting down and abandoning module OpenGLDrv (9)
[2015.06.19-20.51.23:478][ 85]LogModuleManager: Shutting down and abandoning module D3D11RHI (8)
[2015.06.19-20.51.23:478][ 85]LogModuleManager: Shutting down and abandoning module Renderer (7)
[2015.06.19-20.51.23:478][ 85]LogModuleManager: Shutting down and abandoning module Engine (6)
[2015.06.19-20.51.23:478][ 85]LogModuleManager: Shutting down and abandoning module CoreUObject (5)
[2015.06.19-20.51.23:478][ 85]LogModuleManager: Shutting down and abandoning module NetworkFile (4)
[2015.06.19-20.51.23:478][ 85]LogModuleManager: Shutting down and abandoning module StreamingFile (3)
[2015.06.19-20.51.23:478][ 85]LogModuleManager: Shutting down and abandoning module SandboxFile (2)
[2015.06.19-20.51.23:478][ 85]LogModuleManager: Shutting down and abandoning module PakFile (1)
[2015.06.19-20.51.23:479][ 85]LogExit: Exiting.
[2015.06.19-20.51.23:487][ 85]Log file closed, 06/19/15 21:51:23
