Log file open, 06/19/15 21:07:28
LogInit:Display: Running engine for game: AtmoPlaneSim
LogInit: Version: 4.7.5-2503383+++depot+UE4-Releases+4.7
LogInit: API Version: 2455222
LogInit: Compiled (64-bit): Apr  6 2015 23:21:51
LogInit: Compiled with Visual C++: 18.00.21005.01
LogInit: Build Configuration: Development
LogInit: Branch Name: ++depot+UE4-Releases+4.7
LogInit: Command line:  
LogInit: Base directory: C:/Program Files/Epic Games/4.7/Engine/Binaries/Win64/
LogInit: Rocket: 1
[2015.06.19-20.07.28:295][  0]LogTaskGraph: Started task graph with 3 named threads and 6 total threads.
[2015.06.19-20.07.28:363][  0]LogOnline:Warning: No default platform service specified for OnlineSubsystem
[2015.06.19-20.07.28:807][  0]LogInit: Presizing for 0 objects not considered by GC, pre-allocating 0 bytes.
[2015.06.19-20.07.28:825][  0]LogInit: Object subsystem initialized
[2015.06.19-20.07.28:828][  0]LogConsoleResponse:Warning: Skipping Unknown console variable: 'TranslucentSortAxis = (X=0.000000,Y=-1.000000,Z=0.000000)'
[2015.06.19-20.07.28:828][  0]LogConsoleResponse:Warning:   Found in ini file 'C:/Users/10021_000/Desktop/100215286_Dissertation_Project/AtmoPlaneSim/Saved/Config/Windows/Engine.ini', in section '[/Script/Engine.RendererSettings]'
[2015.06.19-20.07.28:828][  0]LogConsoleResponse:Warning: Skipping Unknown console variable: 'UIScaleRule = ShortestSide'
[2015.06.19-20.07.28:828][  0]LogConsoleResponse:Warning:   Found in ini file 'C:/Users/10021_000/Desktop/100215286_Dissertation_Project/AtmoPlaneSim/Saved/Config/Windows/Engine.ini', in section '[/Script/Engine.RendererSettings]'
[2015.06.19-20.07.28:828][  0]LogConsoleResponse:Warning: Skipping Unknown console variable: 'UIScaleCurve = (EditorCurveData=(Keys=),ExternalCurve=None)'
[2015.06.19-20.07.28:828][  0]LogConsoleResponse:Warning:   Found in ini file 'C:/Users/10021_000/Desktop/100215286_Dissertation_Project/AtmoPlaneSim/Saved/Config/Windows/Engine.ini', in section '[/Script/Engine.RendererSettings]'
[2015.06.19-20.07.28:829][  0]LogInit: Selected Device Profile: [Windows]
[2015.06.19-20.07.28:829][  0]LogInit: Applying CVar settings loaded from the selected device profile: [Windows]
[2015.06.19-20.07.28:878][  0]LogInit: Computer: LLOYDS_PC
[2015.06.19-20.07.28:878][  0]LogInit: User: 10021000
[2015.06.19-20.07.28:878][  0]LogInit: CPU Page size=4096, Cores=4
[2015.06.19-20.07.28:878][  0]LogInit: High frequency timer resolution =2.337880 MHz
[2015.06.19-20.07.28:879][  0]LogMemory: Memory total: Physical=5.9GB (6GB approx) Virtual=131072.0GB
[2015.06.19-20.07.28:879][  0]LogMemory: Platform Memory Stats for Windows
[2015.06.19-20.07.28:879][  0]LogMemory: Process Physical Memory: 46.16 MB used, 46.16 MB peak
[2015.06.19-20.07.28:879][  0]LogMemory: Process Virtual Memory: 26.54 MB used, 26.54 MB peak
[2015.06.19-20.07.28:879][  0]LogMemory: Physical Memory: 2333.79 MB used, 6077.92 MB total
[2015.06.19-20.07.28:879][  0]LogMemory: Virtual Memory: 292.14 MB used, 134217728.00 MB total
[2015.06.19-20.07.28:931][  0]LogD3D11RHI: Found D3D11 adapter 0: NVIDIA GeForce GTX 680 (Feature Level 11_0)
[2015.06.19-20.07.28:931][  0]LogD3D11RHI: Adapter has 1985MB of dedicated video memory, 0MB of dedicated system memory, and 2048MB of shared system memory, 1 output[s]
[2015.06.19-20.07.28:933][  0]LogD3D11RHI: Found D3D11 adapter 1: Microsoft Basic Render Driver (Feature Level 11_0)
[2015.06.19-20.07.28:933][  0]LogD3D11RHI: Adapter has 0MB of dedicated video memory, 0MB of dedicated system memory, and 256MB of shared system memory, 0 output[s]
[2015.06.19-20.07.28:933][  0]LogD3D11RHI: Chosen D3D11 Adapter Id = 0
[2015.06.19-20.07.28:968][  0]LogRHI: Texture pool is 1361 MB (70% of 1945 MB)
[2015.06.19-20.07.28:988][  0]LogD3D11RHI: Async texture creation enabled
[2015.06.19-20.07.30:231][  0]LogTextLocalizationManager: The requested culture ('en_GB') has no localization data; parent culture's ('en') localization data will be used.
[2015.06.19-20.07.30:358][  0]LogTextLocalizationManager:Warning: Loading localization resources contain conflicting entries for (Namespace:UICommands, Key:Save_ToolTip):
Resource: (C:/Program Files/Epic Games/4.7/Engine/Content/Localization/Editor/en/Editor.locres) Hash: (-29098895) String: (Saves the current level to disk)
Resource: (C:/Program Files/Epic Games/4.7/Engine/Content/Localization/Engine/en/Engine.locres) Hash: (-1280300587) String: (Save selected data to vlog file)
[2015.06.19-20.07.30:359][  0]LogTextLocalizationManager:Warning: Loading localization resources contain conflicting entries for (Namespace:ContentBrowser, Key:ImportAssetToolTip):
Resource: (C:/Program Files/Epic Games/4.7/Engine/Content/Localization/Editor/en/Editor.locres) Hash: (-630476809) String: (Import to {0}...)
Resource: (C:/Program Files/Epic Games/4.7/Engine/Content/Localization/Editor/en/Editor.locres) Hash: (1271782899) String: (Imports an asset from file to this folder.)
[2015.06.19-20.07.30:513][  0]LogContentStreaming: Texture pool size is 0.000000MB
[2015.06.19-20.07.45:896][  0]LogTargetPlatformManager:Display: Building Assets For Windows
[2015.06.19-20.07.48:374][  0]LogTargetPlatformManager:Display: Building Assets For Windows
[2015.06.19-20.07.48:616][  0]LogDerivedDataCache:Display: Max Cache Size: 512 MB
[2015.06.19-20.07.49:604][  0]LogDerivedDataCache: Loaded boot cache 0.99s 39MB C:/Users/10021_000/AppData/Local/UnrealEngine/4.7/DerivedDataCache/Boot.ddc.
[2015.06.19-20.07.49:604][  0]LogDerivedDataCache:Display: Loaded Boot cache: C:/Users/10021_000/AppData/Local/UnrealEngine/4.7/DerivedDataCache/Boot.ddc
[2015.06.19-20.07.49:604][  0]LogDerivedDataCache: FDerivedDataBackendGraph:  Pak pak cache file ../../../../../../Users/10021_000/Desktop/100215286_Dissertation_Project/AtmoPlaneSim/DerivedDataCache/DDC.ddp not found, will not use a pak cache.
[2015.06.19-20.07.49:604][  0]LogDerivedDataCache: Unable to find inner node Pak for hierarchical cache Hierarchy.
[2015.06.19-20.07.49:907][  0]LogDerivedDataCache:Display: Pak cache opened for reading ../../../Engine/DerivedDataCache/Compressed.ddp.
[2015.06.19-20.07.49:919][  0]LogDerivedDataCache: Using Local data cache path C:/Users/10021_000/AppData/Local/UnrealEngine/Common/DerivedDataCache: Writable
[2015.06.19-20.08.04:856][  0]LogMeshUtilities: No automatic mesh reduction module available
[2015.06.19-20.08.04:856][  0]LogMeshUtilities: No automatic mesh merging module available
[2015.06.19-20.08.10:931][  0]LogInit: WinSock: version 1.1 (2.2), MaxSocks=32767, MaxUdp=65467
[2015.06.19-20.08.11:467][  0]LogSlate:Warning: Failed to load font data from '../../../Engine/Content/Slate/Fonts/Roboto-Italic.ttf'
[2015.06.19-20.08.27:640][  0]UdpMessaging: Initializing bridge on interface 0.0.0.0:0 to multicast group 230.0.0.1:6666.
[2015.06.19-20.08.28:697][  0]SourceControl: Info Source control is disabled
[2015.06.19-20.08.28:704][  0]SourceControl: Info Source control is disabled
[2015.06.19-20.08.28:704][  0]SourceControl: Info Source control is disabled
[2015.06.19-20.08.28:704][  0]LogSourceControl: RunCommandInternalRaw: 'git version'
[2015.06.19-20.08.28:705][  0]LogSourceControl: RunCommandInternalRaw: ExecProcess ReturnCode=2 OutResults=''
[2015.06.19-20.08.28:723][  0]SourceControl: Info Source control is disabled
[2015.06.19-20.08.29:831][  0]LogObj: 24232 objects as part of root set at end of initial load.
[2015.06.19-20.08.29:831][  0]LogUObjectAllocator: 5137176 out of 0 bytes used by permanent object pool.
[2015.06.19-20.08.30:795][  0]LogEngine: Initializing Engine...
[2015.06.19-20.08.33:803][  0]LogInit: XAudio2 using 'Speakers (High Definition Audio Device)' : 2 channels at 48 kHz using 32 bits per sample (channel mask 0x3)
[2015.06.19-20.08.33:860][  0]LogInit: FAudioDevice initialized.
[2015.06.19-20.08.34:611][  0]LogAIModule: Creating AISystem for world NewWorld
[2015.06.19-20.08.34:800][  0]LogDerivedDataCache: Saved boot cache 0.06s 39MB C:/Users/10021_000/AppData/Local/UnrealEngine/4.7/DerivedDataCache/Boot.ddc.
[2015.06.19-20.08.34:842][  0]LogInit: Texture streaming: Enabled
[2015.06.19-20.08.35:886][  0]LogAnalytics: Creating configured Analytics provider AnalyticsET
[2015.06.19-20.08.35:886][  0]LogAnalytics: ET APIKey = Rocket.Release. APIServer = http://et2.epicgames.com/ET2/. AppVersion = 4.7.5-2503383+++depot+UE4-Releases+4.7
[2015.06.19-20.08.35:886][  0]LogAnalytics: ET APIKey = Rocket.Release. DataRouterUploadURL = https://datarouter-public-service-gamedev.ol.epicgames.net/datarouter/api/v1/public/data. AppVersion = 4.7.5-2503383+++depot+UE4-Releases+4.7
[2015.06.19-20.08.35:887][  0]LogAnalytics: SetUserId d79a3ac1490cb9725c5ff087f42b4db6|dd52e028d28d444cbfc6375295d39055|d240ce7f-3c51-4a45-ab49-b1f4dedeafcd
[2015.06.19-20.08.35:907][  0]LogAnalytics: AnalyticsET::StartSession [Rocket.Release]
[2015.06.19-20.08.36:813][  0]LogInit: Transaction tracking system initialized
[2015.06.19-20.08.52:885][  0]BlueprintLog: New page: Editor Load
[2015.06.19-20.08.53:271][  0]LogAssetRegistry: FAssetRegistry took 0.1150 seconds to start up
[2015.06.19-20.08.53:273][  0]LogDirectoryWatcher:Warning: Failed to begin reading directory changes for ../../../Engine/Plugins/Experimental/CharacterAI/Content/. Error: 0
[2015.06.19-20.08.57:052][  0]LogTargetPlatformManager:Display: Building Assets For Windows
[2015.06.19-20.08.57:850][  0]LogTargetPlatformManager:Display: Building Assets For Windows
[2015.06.19-20.08.59:728][  0]LogSlate:Warning: Failed to load font data from '../../../Engine/Content/Editor/Slate/Fonts/Roboto-Regular.ttf'
[2015.06.19-20.08.59:729][  0]LogSlate:Warning: Failed to load font data from '../../../Engine/Content/Editor/Slate/Fonts/Roboto-Bold.ttf'
[2015.06.19-20.08.59:877][  0]LogConsoleResponse:Display: 
[2015.06.19-20.09.07:138][  0]LogCook:Display: Done creating registry. It took  0.00s.
[2015.06.19-20.09.09:877][  0]SourceControl: Info Source control is disabled
[2015.06.19-20.09.09:911][  0]Cmd: MAP LOAD FILE="../../../../../../Users/10021_000/Desktop/100215286_Dissertation_Project/AtmoPlaneSim/Content/Levels/PlaneSimMap.umap" TEMPLATE=0 SHOWPROGRESS=1 FEATURELEVEL=3
[2015.06.19-20.09.10:000][  0]LightingResults: New page: Lighting Build
[2015.06.19-20.09.10:398][  0]MapCheck: New page: Map Check
[2015.06.19-20.09.10:399][  0]LightingResults: New page: Lighting Build
[2015.06.19-20.09.10:720][  0]LogParticles: Destroying 0 GPU particle simulations for FXSystem 0x00000010C0BE0C20
[2015.06.19-20.09.23:020][  0]LogEditorServer: Finished looking for orphan Actors (0.000 secs)
[2015.06.19-20.09.23:052][  0]LogAIModule: Creating AISystem for world PlaneSimMap
[2015.06.19-20.09.23:067][  0]Cmd: MAP CHECKDEP
[2015.06.19-20.09.23:086][  0]MapCheck: New page: PlaneSimMap - 19 Jun 2015 22:09:23
[2015.06.19-20.09.23:527][  0]MapCheck: Info Map check complete: 0 Error(s), 0 Warning(s), took 459.533ms to complete.
[2015.06.19-20.09.23:553][  0]LogFileHelpers: Loading map 'PlaneSimMap' took 13.654
[2015.06.19-20.09.25:426][  0]LogCollectionManager: Loaded 0 collections in 0.003498 seconds
[2015.06.19-20.09.25:460][  0]LogContentBrowser: Native class hierarchy populated in 0.0332 seconds. Added 1696 classes and 261 folders.
[2015.06.19-20.09.25:780][  0]LogContentBrowser: Native class hierarchy updated for 'SceneOutliner' in 0.0050 seconds. Added 1 classes and 2 folders.
[2015.06.19-20.09.27:619][  0]LogCrashTracker: Crashtracker disabled due to settings.
[2015.06.19-20.09.27:730][  0]LogSlate:Warning: Failed to load font data from 'Veranda'
[2015.06.19-20.09.27:856][  0]LogUObjectGlobals:Warning: Failed to find object 'Class None.'
[2015.06.19-20.09.27:958][  0]LogLoad: Full Startup: 127.77 seconds (BP compile: 4.80 seconds)
[2015.06.19-20.09.28:415][  0]LogContentBrowser:Verbose: The content browser source was changed by the sources view to '/Game/Blueprints/Player'
[2015.06.19-20.09.30:048][  1]LogRenderer:Warning: Reallocating scene render targets to support 1008x544 (Frame:2).
[2015.06.19-20.09.33:818][  9]LogAssetRegistry: Asset discovery search completed in 40.6608 seconds
[2015.06.19-20.10.07:219][110]LogSynthBenchmark:Display: FSynthBenchmark (V0.95):  requested WorkScale=1.00
[2015.06.19-20.10.07:219][110]LogSynthBenchmark:Display: ===============
[2015.06.19-20.10.07:219][110]LogSynthBenchmark:Display: Main Processor:
[2015.06.19-20.10.07:283][110]LogSynthBenchmark:Display:          ... 0.031717 s/Run 'RayIntersect'
[2015.06.19-20.10.07:283][110]LogSynthBenchmark:Display:          ... 0.032090 s/Run 'Fractal'
[2015.06.19-20.10.07:283][110]LogSynthBenchmark:Display: 
[2015.06.19-20.10.07:283][110]LogSynthBenchmark:Display:   CompiledTarget_x_Bits: 64
[2015.06.19-20.10.07:283][110]LogSynthBenchmark:Display:   UE_BUILD_SHIPPING: 0
[2015.06.19-20.10.07:283][110]LogSynthBenchmark:Display:   UE_BUILD_TEST: 0
[2015.06.19-20.10.07:283][110]LogSynthBenchmark:Display:   UE_BUILD_DEBUG: 0
[2015.06.19-20.10.07:283][110]LogSynthBenchmark:Display:   TotalPhysicalGBRam: 6
[2015.06.19-20.10.07:283][110]LogSynthBenchmark:Display:   NumberOfCores (physical): 4
[2015.06.19-20.10.07:283][110]LogSynthBenchmark:Display:   NumberOfCores (logical): 4
[2015.06.19-20.10.07:283][110]LogSynthBenchmark:Display:   CPU Perf Index 0: 80.7
[2015.06.19-20.10.07:283][110]LogSynthBenchmark:Display:   CPU Perf Index 1: 89.1
[2015.06.19-20.10.07:283][110]LogSynthBenchmark:Display:  
[2015.06.19-20.10.07:283][110]LogSynthBenchmark:Display: Graphics:
[2015.06.19-20.10.07:283][110]LogSynthBenchmark:Display:   Adapter Name: 'NVIDIA GeForce GTX 680'
[2015.06.19-20.10.07:283][110]LogSynthBenchmark:Display:   (On Optimus the name might be wrong, memory should be ok)
[2015.06.19-20.10.07:283][110]LogSynthBenchmark:Display:   Vendor Id: 0x10de
[2015.06.19-20.10.07:283][110]LogSynthBenchmark:Display:   GPU Memory: 1986/0/2049 MB
[2015.06.19-20.10.07:283][110]LogSynthBenchmark:Display:   CPUIndex: 80.7
[2015.06.19-20.10.07:283][110]LogSynthBenchmark:Display:   GPUIndex: -1.$
[2015.06.19-20.10.07:283][110]LogSynthBenchmark:Display: 
[2015.06.19-20.10.07:283][110]LogSynthBenchmark:Display:          ... Total Time: 0.064228 sec
[2015.06.19-20.15.53:751][350]LogRenderer:Warning: Reallocating scene render targets to support 1056x584 (Frame:412).
[2015.06.19-20.19.31:752][884]LogFileHelpers: Editor autosave (incl. sublevels) for '/Game/Levels/PlaneSimMap' took 0.250
[2015.06.19-20.19.31:858][884]OBJ SavePackage: Generating thumbnails for [1] asset(s) in package [/Game/Blueprints/Player/PlanePlayer] ([1] browsable assets)...
[2015.06.19-20.19.31:962][884]OBJ SavePackage:     Rendered thumbnail for [Blueprint /Game/Blueprints/Player/PlanePlayer.PlanePlayer]
[2015.06.19-20.19.31:962][884]OBJ SavePackage: Finished generating thumbnails for package [/Game/Blueprints/Player/PlanePlayer]
[2015.06.19-20.19.35:806][884]LogSavePackage: Save=3555.577637ms
[2015.06.19-20.19.35:807][884]LogSavePackage: Moving '../../../../../../Users/10021_000/Desktop/100215286_Dissertation_Project/AtmoPlaneSim/Saved/PlanePlayer_Auto10F6862EE4D2EF0F01A5720A72A8A2BBD.tmp' to '../../../../../../Users/10021_000/Desktop/100215286_Dissertation_Project/AtmoPlaneSim/Saved/Autosaves/Game/Blueprints/Player/PlanePlayer_Auto1.uasset'
[2015.06.19-20.19.35:824][884]LogFileHelpers: Auto-saving content packages took 4.073
[2015.06.19-20.29.36:557][986]LogFileHelpers: Editor autosave (incl. sublevels) for '/Game/Levels/PlaneSimMap' took 0.088
[2015.06.19-20.29.36:643][986]OBJ SavePackage: Generating thumbnails for [1] asset(s) in package [/Game/Blueprints/Player/PlanePlayer] ([1] browsable assets)...
[2015.06.19-20.29.36:725][986]OBJ SavePackage:     Rendered thumbnail for [Blueprint /Game/Blueprints/Player/PlanePlayer.PlanePlayer]
[2015.06.19-20.29.36:725][986]OBJ SavePackage: Finished generating thumbnails for package [/Game/Blueprints/Player/PlanePlayer]
[2015.06.19-20.29.40:521][986]LogSavePackage: Save=3734.707520ms
[2015.06.19-20.29.40:522][986]LogSavePackage: Moving '../../../../../../Users/10021_000/Desktop/100215286_Dissertation_Project/AtmoPlaneSim/Saved/PlanePlayer_Auto2C3099CB44C608C4E1400AEAA909050EE.tmp' to '../../../../../../Users/10021_000/Desktop/100215286_Dissertation_Project/AtmoPlaneSim/Saved/Autosaves/Game/Blueprints/Player/PlanePlayer_Auto2.uasset'
[2015.06.19-20.29.40:541][986]LogFileHelpers: Auto-saving content packages took 3.983
[2015.06.19-20.30.43:579][311]Cmd: QUIT_EDITOR
[2015.06.19-20.30.44:112][311]LogExit: Preparing to exit.
[2015.06.19-20.30.45:070][311]LogExit: Editor shut down
[2015.06.19-20.30.45:072][311]LogExit: Transaction tracking system shut down
[2015.06.19-20.30.45:074][311]LogParticles: Destroying 0 GPU particle simulations for FXSystem 0x00000010BAA87D80
[2015.06.19-20.30.45:075][311]LogParticles: Destroying 0 GPU particle simulations for FXSystem 0x00000010C7EEEAC0
[2015.06.19-20.30.45:075][311]LogParticles: Destroying 0 GPU particle simulations for FXSystem 0x00000010C9324CC0
[2015.06.19-20.30.45:075][311]LogParticles: Destroying 0 GPU particle simulations for FXSystem 0x00000010C61A6CA0
[2015.06.19-20.30.45:550][311]LogExit: Object subsystem successfully closed.
[2015.06.19-20.30.45:929][311]LogModuleManager: Shutting down and abandoning module SynthBenchmark (178)
[2015.06.19-20.30.45:962][311]LogModuleManager: Shutting down and abandoning module CrashTracker (177)
[2015.06.19-20.30.45:962][311]LogModuleManager: Shutting down and abandoning module SuperSearch (176)
[2015.06.19-20.30.45:962][311]LogModuleManager: Shutting down and abandoning module SceneOutliner (175)
[2015.06.19-20.30.45:962][311]LogModuleManager: Shutting down and abandoning module EditorWidgets (174)
[2015.06.19-20.30.45:962][311]LogModuleManager: Shutting down and abandoning module CollectionManager (173)
[2015.06.19-20.30.45:972][311]LogModuleManager: Shutting down and abandoning module StatsViewer (172)
[2015.06.19-20.30.45:980][311]LogModuleManager: Shutting down and abandoning module FoliageEdit (171)
[2015.06.19-20.30.45:980][311]LogModuleManager: Shutting down and abandoning module LandscapeEditor (170)
[2015.06.19-20.30.45:992][311]LogModuleManager: Shutting down and abandoning module MeshPaint (169)
[2015.06.19-20.30.45:992][311]LogModuleManager: Shutting down and abandoning module ActorPickerMode (168)
[2015.06.19-20.30.45:992][311]LogModuleManager: Shutting down and abandoning module GeometryMode (167)
[2015.06.19-20.30.45:992][311]LogModuleManager: Shutting down and abandoning module TextureAlignMode (166)
[2015.06.19-20.30.45:992][311]LogModuleManager: Shutting down and abandoning module BspMode (165)
[2015.06.19-20.30.45:992][311]LogModuleManager: Shutting down and abandoning module PlacementMode (164)
[2015.06.19-20.30.45:992][311]LogModuleManager: Shutting down and abandoning module AutomationWorker (163)
[2015.06.19-20.30.45:992][311]LogModuleManager: Shutting down and abandoning module CharacterAI (162)
[2015.06.19-20.30.45:992][311]LogModuleManager: Shutting down and abandoning module SmartSnapping (161)
[2015.06.19-20.30.45:992][311]LogModuleManager: Shutting down and abandoning module ViewportSnapping (160)
[2015.06.19-20.30.45:992][311]LogModuleManager: Shutting down and abandoning module LogVisualizer (159)
[2015.06.19-20.30.46:007][311]LogModuleManager: Shutting down and abandoning module GameProjectGeneration (158)
[2015.06.19-20.30.46:017][311]LogModuleManager: Shutting down and abandoning module IntroTutorials (157)
[2015.06.19-20.30.46:027][311]LogModuleManager: Shutting down and abandoning module EditorLiveStreaming (156)
[2015.06.19-20.30.46:027][311]LogModuleManager: Shutting down and abandoning module HardwareTargeting (155)
[2015.06.19-20.30.46:027][311]LogModuleManager: Shutting down and abandoning module DeviceProfileEditor (154)
[2015.06.19-20.30.46:027][311]LogModuleManager: Shutting down and abandoning module UndoHistory (153)
[2015.06.19-20.30.46:027][311]LogModuleManager: Shutting down and abandoning module GameplayTagsEditor (152)
[2015.06.19-20.30.46:028][311]LogModuleManager: Shutting down and abandoning module UserFeedback (151)
[2015.06.19-20.30.46:028][311]LogModuleManager: Shutting down and abandoning module XmlParser (150)
[2015.06.19-20.30.46:028][311]LogModuleManager: Shutting down and abandoning module Blutility (149)
[2015.06.19-20.30.46:028][311]LogModuleManager: Shutting down and abandoning module IOSPlatformEditor (148)
[2015.06.19-20.30.46:028][311]LogModuleManager: Shutting down and abandoning module IOSRuntimeSettings (147)
[2015.06.19-20.30.46:028][311]LogModuleManager: Shutting down and abandoning module AndroidDeviceDetection (146)
[2015.06.19-20.30.46:294][311]LogModuleManager: Shutting down and abandoning module AndroidPlatformEditor (145)
[2015.06.19-20.30.46:294][311]LogModuleManager: Shutting down and abandoning module AndroidRuntimeSettings (144)
[2015.06.19-20.30.46:294][311]LogModuleManager: Shutting down and abandoning module ProjectTargetPlatformEditor (143)
[2015.06.19-20.30.46:294][311]LogModuleManager: Shutting down and abandoning module ProjectSettingsViewer (142)
[2015.06.19-20.30.46:294][311]LogModuleManager: Shutting down and abandoning module InputBindingEditor (141)
[2015.06.19-20.30.46:303][311]LogModuleManager: Shutting down and abandoning module EditorSettingsViewer (140)
[2015.06.19-20.30.46:303][311]LogModuleManager: Shutting down and abandoning module SettingsEditor (139)
[2015.06.19-20.30.46:318][311]LogModuleManager: Shutting down and abandoning module ProjectLauncher (138)
[2015.06.19-20.30.46:318][311]LogModuleManager: Shutting down and abandoning module SessionFrontend (137)
[2015.06.19-20.30.46:318][311]LogModuleManager: Shutting down and abandoning module ProfilerClient (136)
[2015.06.19-20.30.46:332][311]LogModuleManager: Shutting down and abandoning module TargetDeviceServices (135)
[2015.06.19-20.30.46:332][311]LogModuleManager: Shutting down and abandoning module DeviceManager (134)
[2015.06.19-20.30.46:332][311]LogModuleManager: Shutting down and abandoning module AutomationController (133)
[2015.06.19-20.30.46:332][311]LogModuleManager: Shutting down and abandoning module AutomationWindow (132)
[2015.06.19-20.30.46:348][311]LogModuleManager: Shutting down and abandoning module Layers (131)
[2015.06.19-20.30.46:366][311]LogModuleManager: Shutting down and abandoning module ComponentVisualizers (130)
[2015.06.19-20.30.46:366][311]LogModuleManager: Shutting down and abandoning module DetailCustomizations (129)
[2015.06.19-20.30.46:366][311]LogModuleManager: Shutting down and abandoning module PackagesDialog (128)
[2015.06.19-20.30.46:366][311]LogModuleManager: Shutting down and abandoning module AssetRegistry (127)
[2015.06.19-20.30.46:539][311]LogModuleManager: Shutting down and abandoning module Persona (126)
[2015.06.19-20.30.46:554][311]LogModuleManager: Shutting down and abandoning module SlateReflector (125)
[2015.06.19-20.30.46:575][311]LogModuleManager: Shutting down and abandoning module LevelEditor (124)
[2015.06.19-20.30.46:576][311]LogModuleManager: Shutting down and abandoning module Kismet (123)
[2015.06.19-20.30.46:576][311]LogModuleManager: Shutting down and abandoning module GraphEditor (122)
[2015.06.19-20.30.46:577][311]LogModuleManager: Shutting down and abandoning module ClassViewer (121)
[2015.06.19-20.30.46:577][311]LogModuleManager: Shutting down and abandoning module Toolbox (120)
[2015.06.19-20.30.46:577][311]LogModuleManager: Shutting down and abandoning module ModuleUI (119)
[2015.06.19-20.30.46:588][311]LogModuleManager: Shutting down and abandoning module MovieSceneTools (118)
[2015.06.19-20.30.46:592][311]LogModuleManager: Shutting down and abandoning module OutputLog (117)
[2015.06.19-20.30.46:592][311]LogModuleManager: Shutting down and abandoning module GammaUI (116)
[2015.06.19-20.30.46:600][311]LogModuleManager: Shutting down and abandoning module Documentation (115)
[2015.06.19-20.30.46:601][311]LogModuleManager: Shutting down and abandoning module GameLiveStreaming (114)
[2015.06.19-20.30.46:601][311]LogModuleManager: Shutting down and abandoning module StreamingPauseRendering (113)
[2015.06.19-20.30.46:601][311]LogModuleManager: Shutting down and abandoning module HTTP (112)
[2015.06.19-20.30.46:601][311]LogModuleManager: Shutting down and abandoning module AnalyticsET (111)
[2015.06.19-20.30.46:601][311]LogModuleManager: Shutting down and abandoning module Analytics (110)
[2015.06.19-20.30.46:601][311]LogModuleManager: Shutting down and abandoning module AITestSuite (109)
[2015.06.19-20.30.46:601][311]LogModuleManager: Shutting down and abandoning module GameplayDebugger (108)
[2015.06.19-20.30.46:601][311]LogModuleManager: Shutting down and abandoning module AIModule (107)
[2015.06.19-20.30.46:601][311]LogModuleManager: Shutting down and abandoning module ProfilerService (106)
[2015.06.19-20.30.46:828][311]LogModuleManager: Shutting down and abandoning module TaskGraph (105)
[2015.06.19-20.30.46:836][311]LogModuleManager: Shutting down and abandoning module SlateRemote (104)
[2015.06.19-20.30.46:836][311]LogModuleManager: Shutting down and abandoning module ScriptEditorPlugin (103)
[2015.06.19-20.30.46:836][311]LogModuleManager: Shutting down and abandoning module CustomMeshComponent (102)
[2015.06.19-20.30.46:836][311]LogModuleManager: Shutting down and abandoning module CableComponent (101)
[2015.06.19-20.30.46:836][311]LogModuleManager: Shutting down and abandoning module MessagingDebugger (100)
[2015.06.19-20.30.46:857][311]LogModuleManager: Shutting down and abandoning module MediaPlayerEditor (99)
[2015.06.19-20.30.46:864][311]LogModuleManager: Shutting down and abandoning module SpeedTreeImporter (98)
[2015.06.19-20.30.46:864][311]LogModuleManager: Shutting down and abandoning module PluginsEditor (97)
[2015.06.19-20.30.46:864][311]LogModuleManager: Shutting down and abandoning module MainFrame (96)
[2015.06.19-20.30.46:864][311]LogModuleManager: Shutting down and abandoning module EpicSurvey (95)
[2015.06.19-20.30.46:864][311]LogModuleManager: Shutting down and abandoning module DesktopPlatform (94)
[2015.06.19-20.30.46:882][311]LogModuleManager: Shutting down and abandoning module DirectoryWatcher (93)
[2015.06.19-20.30.46:882][311]LogModuleManager: Shutting down and abandoning module HotReload (92)
[2015.06.19-20.30.46:882][311]LogModuleManager: Shutting down and abandoning module VisualStudioSourceCodeAccess (91)
[2015.06.19-20.30.46:883][311]LogModuleManager: Shutting down and abandoning module UObjectPlugin (90)
[2015.06.19-20.30.46:883][311]LogModuleManager: Shutting down and abandoning module SubversionSourceControl (89)
[2015.06.19-20.30.46:895][311]LogModuleManager: Shutting down and abandoning module PerforceSourceControl (88)
[2015.06.19-20.30.46:906][311]LogModuleManager: Shutting down and abandoning module SourceControl (87)
[2015.06.19-20.30.46:906][311]LogModuleManager: Shutting down and abandoning module GitSourceControl (86)
[2015.06.19-20.30.46:906][311]LogModuleManager: Shutting down and abandoning module BlankPlugin (85)
[2015.06.19-20.30.46:906][311]LogModuleManager: Shutting down and abandoning module PaperTiledImporter (84)
[2015.06.19-20.30.46:906][311]LogModuleManager: Shutting down and abandoning module PaperJsonImporter (83)
[2015.06.19-20.30.46:906][311]LogModuleManager: Shutting down and abandoning module ContentBrowser (82)
[2015.06.19-20.30.46:908][311]LogModuleManager: Shutting down and abandoning module Paper2DEditor (81)
[2015.06.19-20.30.46:908][311]LogModuleManager: Shutting down and abandoning module ScriptPlugin (80)
[2015.06.19-20.30.46:921][311]LogModuleManager: Shutting down and abandoning module UdpMessaging (79)
[2015.06.19-20.30.47:022][311]LogModuleManager: Shutting down and abandoning module Paper2D (78)
[2015.06.19-20.30.47:029][311]LogModuleManager: Shutting down and abandoning module WindowsMoviePlayer (77)
[2015.06.19-20.30.47:034][311]LogModuleManager: Shutting down and abandoning module Media (76)
[2015.06.19-20.30.47:034][311]LogModuleManager: Shutting down and abandoning module WmfMedia (75)
[2015.06.19-20.30.47:034][311]LogModuleManager: Shutting down and abandoning module OnlineBlueprintSupport (74)
[2015.06.19-20.30.47:034][311]LogModuleManager: Shutting down and abandoning module PropertyEditor (73)
[2015.06.19-20.30.47:034][311]LogModuleManager: Shutting down and abandoning module BehaviorTreeEditor (72)
[2015.06.19-20.30.47:051][311]LogModuleManager: Shutting down and abandoning module FunctionalTesting (71)
[2015.06.19-20.30.47:051][311]LogModuleManager: Shutting down and abandoning module CollisionAnalyzer (70)
[2015.06.19-20.30.47:064][311]LogModuleManager: Shutting down and abandoning module WorkspaceMenuStructure (69)
[2015.06.19-20.30.47:064][311]LogModuleManager: Shutting down and abandoning module MessageLog (68)
[2015.06.19-20.30.47:064][311]LogModuleManager: Shutting down and abandoning module Sequencer (67)
[2015.06.19-20.30.47:101][311]LogModuleManager: Shutting down and abandoning module AssetTools (66)
[2015.06.19-20.30.47:134][311]LogModuleManager: Shutting down and abandoning module UMGEditor (65)
[2015.06.19-20.30.47:145][311]LogModuleManager: Shutting down and abandoning module UMG (64)
[2015.06.19-20.30.47:158][311]LogModuleManager: Shutting down and abandoning module Slate (63)
[2015.06.19-20.30.47:158][311]LogModuleManager: Shutting down and abandoning module EditorStyle (62)
[2015.06.19-20.30.47:165][311]LogModuleManager: Shutting down and abandoning module SessionServices (61)
[2015.06.19-20.30.47:165][311]LogModuleManager: Shutting down and abandoning module SourceCodeAccess (60)
[2015.06.19-20.30.47:165][311]LogModuleManager: Shutting down and abandoning module HeadMountedDisplay (59)
[2015.06.19-20.30.47:165][311]LogModuleManager: Shutting down and abandoning module XAudio2 (58)
[2015.06.19-20.30.47:165][311]LogModuleManager: Shutting down and abandoning module Networking (56)
[2015.06.19-20.30.47:165][311]LogModuleManager: Shutting down and abandoning module Core (55)
[2015.06.19-20.30.47:165][311]LogModuleManager: Shutting down and abandoning module KismetCompiler (54)
[2015.06.19-20.30.47:165][311]LogModuleManager: Shutting down and abandoning module PhysXFormats (53)
[2015.06.19-20.30.47:165][311]LogModuleManager: Shutting down and abandoning module MeshUtilities (52)
[2015.06.19-20.30.47:175][311]LogModuleManager: Shutting down and abandoning module DerivedDataCache (51)
[2015.06.19-20.30.47:262][311]LogDerivedDataCache: Shutdown
[2015.06.19-20.30.47:262][311]LogModuleManager: Shutting down and abandoning module ShaderFormatOpenGL (50)
[2015.06.19-20.30.47:276][311]LogModuleManager: Shutting down and abandoning module ShaderFormatD3D (49)
[2015.06.19-20.30.47:276][311]LogModuleManager: Shutting down and abandoning module MetalShaderFormat (48)
[2015.06.19-20.30.47:296][311]LogModuleManager: Shutting down and abandoning module TextureFormatUncompressed (47)
[2015.06.19-20.30.47:296][311]LogModuleManager: Shutting down and abandoning module TextureFormatPVR (46)
[2015.06.19-20.30.47:296][311]LogModuleManager: Shutting down and abandoning module TextureFormatIntelISPCTexComp (45)
[2015.06.19-20.30.47:296][311]LogModuleManager: Shutting down and abandoning module TextureFormatDXT (44)
[2015.06.19-20.30.47:296][311]LogModuleManager: Shutting down and abandoning module ImageWrapper (43)
[2015.06.19-20.30.47:296][311]LogModuleManager: Shutting down and abandoning module TextureFormatASTC (42)
[2015.06.19-20.30.47:296][311]LogModuleManager: Shutting down and abandoning module TextureFormatAndroid (41)
[2015.06.19-20.30.47:296][311]LogModuleManager: Shutting down and abandoning module AudioFormatOpus (40)
[2015.06.19-20.30.47:296][311]LogModuleManager: Shutting down and abandoning module AudioFormatOgg (39)
[2015.06.19-20.30.47:296][311]LogModuleManager: Shutting down and abandoning module AudioFormatADPCM (38)
[2015.06.19-20.30.47:296][311]LogModuleManager: Shutting down and abandoning module LinuxTargetPlatform (37)
[2015.06.19-20.30.47:296][311]LogModuleManager: Shutting down and abandoning module LinuxServerTargetPlatform (36)
[2015.06.19-20.30.47:296][311]LogModuleManager: Shutting down and abandoning module LinuxNoEditorTargetPlatform (35)
[2015.06.19-20.30.47:296][311]LogModuleManager: Shutting down and abandoning module Messaging (34)
[2015.06.19-20.30.47:297][311]LogModuleManager: Shutting down and abandoning module IOSTargetPlatform (33)
[2015.06.19-20.30.47:297][311]LogModuleManager: Shutting down and abandoning module HTML5TargetPlatform (32)
[2015.06.19-20.30.47:297][311]LogModuleManager: Shutting down and abandoning module Android_PVRTCTargetPlatform (31)
[2015.06.19-20.30.47:297][311]LogModuleManager: Shutting down and abandoning module Android_ETC2TargetPlatform (30)
[2015.06.19-20.30.47:297][311]LogModuleManager: Shutting down and abandoning module Android_ETC1TargetPlatform (29)
[2015.06.19-20.30.47:297][311]LogModuleManager: Shutting down and abandoning module Android_ES31TargetPlatform (28)
[2015.06.19-20.30.47:297][311]LogModuleManager: Shutting down and abandoning module Android_DXTTargetPlatform (27)
[2015.06.19-20.30.47:297][311]LogModuleManager: Shutting down and abandoning module Android_ATCTargetPlatform (26)
[2015.06.19-20.30.47:297][311]LogModuleManager: Shutting down and abandoning module AndroidTargetPlatform (25)
[2015.06.19-20.30.47:297][311]LogModuleManager: Shutting down and abandoning module WindowsTargetPlatform (24)
[2015.06.19-20.30.47:297][311]LogModuleManager: Shutting down and abandoning module WindowsServerTargetPlatform (23)
[2015.06.19-20.30.47:297][311]LogModuleManager: Shutting down and abandoning module WindowsNoEditorTargetPlatform (22)
[2015.06.19-20.30.47:297][311]LogModuleManager: Shutting down and abandoning module WindowsClientTargetPlatform (21)
[2015.06.19-20.30.47:297][311]LogModuleManager: Shutting down and abandoning module TargetPlatform (20)
[2015.06.19-20.30.47:297][311]LogModuleManager: Shutting down and abandoning module InputCore (19)
[2015.06.19-20.30.47:297][311]LogModuleManager: Shutting down and abandoning module Settings (18)
[2015.06.19-20.30.47:297][311]LogModuleManager: Shutting down and abandoning module OnlineSubsystem (16)
[2015.06.19-20.30.47:297][311]LogModuleManager: Shutting down and abandoning module OculusRift (15)
[2015.06.19-20.30.47:297][311]LogModuleManager: Shutting down and abandoning module ExampleDeviceProfileSelector (14)
[2015.06.19-20.30.47:297][311]LogModuleManager: Shutting down and abandoning module TextureCompressor (13)
[2015.06.19-20.30.47:297][311]LogModuleManager: Shutting down and abandoning module ShaderCore (12)
[2015.06.19-20.30.47:297][311]LogModuleManager: Shutting down and abandoning module Landscape (11)
[2015.06.19-20.30.47:297][311]LogModuleManager: Shutting down and abandoning module SlateRHIRenderer (10)
[2015.06.19-20.30.47:311][311]LogModuleManager: Shutting down and abandoning module OpenGLDrv (9)
[2015.06.19-20.30.47:312][311]LogModuleManager: Shutting down and abandoning module D3D11RHI (8)
[2015.06.19-20.30.47:312][311]LogModuleManager: Shutting down and abandoning module Renderer (7)
[2015.06.19-20.30.47:312][311]LogModuleManager: Shutting down and abandoning module Engine (6)
[2015.06.19-20.30.47:312][311]LogModuleManager: Shutting down and abandoning module CoreUObject (5)
[2015.06.19-20.30.47:312][311]LogModuleManager: Shutting down and abandoning module NetworkFile (4)
[2015.06.19-20.30.47:333][311]LogModuleManager: Shutting down and abandoning module StreamingFile (3)
[2015.06.19-20.30.47:333][311]LogModuleManager: Shutting down and abandoning module SandboxFile (2)
[2015.06.19-20.30.47:333][311]LogModuleManager: Shutting down and abandoning module PakFile (1)
[2015.06.19-20.30.47:347][311]LogExit: Exiting.
[2015.06.19-20.30.47:357][311]Log file closed, 06/19/15 21:30:47
